<?xml version="1.0" encoding="UTF-8"?>

<testsuite errors="0" failures="0" name="br.com.cotecom.model.tests.RespostaTest" tests="3" time="0"> 
  <testcase classname="br.com.cotecom.model.tests.RespostaTest" name="testEqualsId" time="0"/>  
  <testcase classname="br.com.cotecom.model.tests.RespostaTest" name="testConfirmSavedItens" time="0"/>  
  <testcase classname="br.com.cotecom.model.tests.RespostaTest" name="testGetUnsavedItens" time="0"/> 
</testsuite>
